1713597863403	geckodriver	INFO	Listening on 127.0.0.1:51307
1713597863913	mozrunner::runner	INFO	Running command: MOZ_CRASHREPORTER="1" MOZ_CRASHREPORTER_NO_REPORT="1" MOZ_CRASHREPORTER_SHUTDOWN="1" MOZ_NO_REMOTE="1" "/usr ... ss" "--remote-debugging-port" "57773" "--remote-allow-hosts" "localhost" "-no-remote" "-profile" "/tmp/rust_mozprofilelD872M"
*** You are running in headless mode.
console.warn: services.settings: Ignoring preference override of remote settings server
console.warn: services.settings: Allow by setting MOZ_REMOTE_SETTINGS_DEVTOOLS=1 in the environment
[GFX1-]: glxtest: libpci missing
[GFX1-]: glxtest: Unable to open a connection to the X server
[GFX1-]: No GPUs detected via PCI

1713597864273	Marionette	INFO	Marionette enabled
1713597864371	Marionette	INFO	Listening on port 35331
WebDriver BiDi listening on ws://127.0.0.1:57773
Read port: 35331
1713597864599	RemoteAgent	WARN	TLS certificate errors will be ignored for this session
[GFX1-]: RenderCompositorSWGL failed mapping default framebuffer, no dt
console.error: ({})
DevTools listening on ws://127.0.0.1:57773/devtools/browser/97a71724-3e84-4247-ab28-083be2a017e1
1713597868995	Marionette	INFO	Stopped listening on port 35331
1713598045938	geckodriver	INFO	Listening on 127.0.0.1:50545
1713598046446	mozrunner::runner	INFO	Running command: MOZ_CRASHREPORTER="1" MOZ_CRASHREPORTER_NO_REPORT="1" MOZ_CRASHREPORTER_SHUTDOWN="1" MOZ_NO_REMOTE="1" "/usr ... ss" "--remote-debugging-port" "58065" "--remote-allow-hosts" "localhost" "-no-remote" "-profile" "/tmp/rust_mozprofileXBnEbe"
*** You are running in headless mode.
console.warn: services.settings: Ignoring preference override of remote settings server
console.warn: services.settings: Allow by setting MOZ_REMOTE_SETTINGS_DEVTOOLS=1 in the environment
[GFX1-]: glxtest: libpci missing
[GFX1-]: glxtest: Unable to open a connection to the X server
[GFX1-]: No GPUs detected via PCI

1713598046777	Marionette	INFO	Marionette enabled
1713598046862	Marionette	INFO	Listening on port 43581
WebDriver BiDi listening on ws://127.0.0.1:58065
Read port: 43581
1713598047229	RemoteAgent	WARN	TLS certificate errors will be ignored for this session
[GFX1-]: RenderCompositorSWGL failed mapping default framebuffer, no dt
console.error: ({})
DevTools listening on ws://127.0.0.1:58065/devtools/browser/3cabc62f-cab0-439c-997c-de392cf6e033
1713598058747	Marionette	INFO	Stopped listening on port 43581
